mode: atomic
github.com/sfborg/sf/main.go:32.13,36.2 3 0
github.com/sfborg/sf/cmd/apply.go:40.47,42.3 1 0
github.com/sfborg/sf/cmd/apply.go:45.13,57.2 1 0
github.com/sfborg/sf/cmd/diff.go:49.47,54.27 3 0
github.com/sfborg/sf/cmd/diff.go:54.27,56.4 1 0
github.com/sfborg/sf/cmd/diff.go:58.3,58.21 1 0
github.com/sfborg/sf/cmd/diff.go:58.21,61.4 2 0
github.com/sfborg/sf/cmd/diff.go:63.3,70.17 7 0
github.com/sfborg/sf/cmd/diff.go:70.17,73.4 2 0
github.com/sfborg/sf/cmd/diff.go:77.13,87.2 3 0
github.com/sfborg/sf/cmd/flags.go:14.39,16.17 2 0
github.com/sfborg/sf/cmd/flags.go:16.17,18.3 1 0
github.com/sfborg/sf/cmd/flags.go:21.39,23.17 2 0
github.com/sfborg/sf/cmd/flags.go:23.17,25.3 1 0
github.com/sfborg/sf/cmd/flags.go:28.38,30.7 2 0
github.com/sfborg/sf/cmd/flags.go:30.7,38.3 3 0
github.com/sfborg/sf/cmd/from.go:38.47,40.3 1 0
github.com/sfborg/sf/cmd/from.go:43.13,55.2 1 0
github.com/sfborg/sf/cmd/fromColdp.go:40.47,42.3 1 0
github.com/sfborg/sf/cmd/fromColdp.go:45.13,57.2 1 0
github.com/sfborg/sf/cmd/fromDwca.go:40.47,42.3 1 0
github.com/sfborg/sf/cmd/fromDwca.go:45.13,57.2 1 0
github.com/sfborg/sf/cmd/fromText.go:40.47,42.3 1 0
github.com/sfborg/sf/cmd/fromText.go:45.13,57.2 1 0
github.com/sfborg/sf/cmd/fromTw.go:35.47,38.3 2 0
github.com/sfborg/sf/cmd/fromTw.go:41.13,53.2 1 0
github.com/sfborg/sf/cmd/fromXsv.go:44.47,45.21 1 0
github.com/sfborg/sf/cmd/fromXsv.go:45.21,48.4 2 0
github.com/sfborg/sf/cmd/fromXsv.go:49.3,56.17 6 0
github.com/sfborg/sf/cmd/fromXsv.go:56.17,60.4 3 0
github.com/sfborg/sf/cmd/fromXsv.go:64.13,79.2 2 0
github.com/sfborg/sf/cmd/root.go:43.47,46.3 2 0
github.com/sfborg/sf/cmd/root.go:47.60,50.17 3 0
github.com/sfborg/sf/cmd/root.go:50.17,53.4 2 0
github.com/sfborg/sf/cmd/root.go:59.16,61.16 2 0
github.com/sfborg/sf/cmd/root.go:61.16,63.3 1 0
github.com/sfborg/sf/cmd/root.go:66.13,68.2 1 0
github.com/sfborg/sf/cmd/to.go:38.47,40.3 1 0
github.com/sfborg/sf/cmd/to.go:43.13,55.2 1 0
github.com/sfborg/sf/cmd/toColdp.go:40.47,42.3 1 0
github.com/sfborg/sf/cmd/toColdp.go:45.13,57.2 1 0
github.com/sfborg/sf/cmd/toDwca.go:40.47,42.3 1 0
github.com/sfborg/sf/cmd/toDwca.go:45.13,57.2 1 0
github.com/sfborg/sf/cmd/toTw.go:35.47,37.3 1 0
github.com/sfborg/sf/cmd/toTw.go:40.13,52.2 1 0
github.com/sfborg/sf/internal/io/diffio/compare.go:25.54,29.16 4 1
github.com/sfborg/sf/internal/io/diffio/compare.go:29.16,31.3 1 0
github.com/sfborg/sf/internal/io/diffio/compare.go:32.2,34.16 3 1
github.com/sfborg/sf/internal/io/diffio/compare.go:34.16,36.3 1 0
github.com/sfborg/sf/internal/io/diffio/compare.go:38.2,41.16 4 1
github.com/sfborg/sf/internal/io/diffio/compare.go:41.16,43.3 1 0
github.com/sfborg/sf/internal/io/diffio/compare.go:44.2,81.27 11 1
github.com/sfborg/sf/internal/io/diffio/compare.go:81.27,82.25 1 19
github.com/sfborg/sf/internal/io/diffio/compare.go:82.25,84.4 1 0
github.com/sfborg/sf/internal/io/diffio/compare.go:85.3,86.30 2 19
github.com/sfborg/sf/internal/io/diffio/compare.go:86.30,87.12 1 0
github.com/sfborg/sf/internal/io/diffio/compare.go:89.3,90.17 2 19
github.com/sfborg/sf/internal/io/diffio/compare.go:90.17,92.4 1 0
github.com/sfborg/sf/internal/io/diffio/compare.go:93.3,94.13 2 19
github.com/sfborg/sf/internal/io/diffio/compare.go:94.13,96.18 2 3
github.com/sfborg/sf/internal/io/diffio/compare.go:96.18,98.5 1 0
github.com/sfborg/sf/internal/io/diffio/compare.go:99.9,100.23 1 16
github.com/sfborg/sf/internal/io/diffio/compare.go:100.23,106.19 3 20
github.com/sfborg/sf/internal/io/diffio/compare.go:106.19,108.6 1 0
github.com/sfborg/sf/internal/io/diffio/compare.go:112.2,113.16 2 1
github.com/sfborg/sf/internal/io/diffio/compare.go:113.16,115.3 1 0
github.com/sfborg/sf/internal/io/diffio/compare.go:116.2,116.12 1 1
github.com/sfborg/sf/internal/io/diffio/compare.go:119.35,120.11 1 20
github.com/sfborg/sf/internal/io/diffio/compare.go:121.45,122.17 1 14
github.com/sfborg/sf/internal/io/diffio/compare.go:123.22,124.25 1 0
github.com/sfborg/sf/internal/io/diffio/compare.go:125.80,126.17 1 6
github.com/sfborg/sf/internal/io/diffio/compare.go:127.45,128.25 1 0
github.com/sfborg/sf/internal/io/diffio/compare.go:129.10,130.12 1 0
github.com/sfborg/sf/internal/io/diffio/compare.go:134.57,136.16 2 1
github.com/sfborg/sf/internal/io/diffio/compare.go:136.16,138.3 1 0
github.com/sfborg/sf/internal/io/diffio/compare.go:139.2,142.18 3 1
github.com/sfborg/sf/internal/io/diffio/compare.go:142.18,147.17 3 19
github.com/sfborg/sf/internal/io/diffio/compare.go:147.17,149.4 1 0
github.com/sfborg/sf/internal/io/diffio/compare.go:150.3,150.23 1 19
github.com/sfborg/sf/internal/io/diffio/compare.go:152.2,152.17 1 1
github.com/sfborg/sf/internal/io/diffio/compare.go:155.38,161.16 6 1
github.com/sfborg/sf/internal/io/diffio/compare.go:161.16,163.3 1 0
github.com/sfborg/sf/internal/io/diffio/compare.go:164.2,168.16 5 1
github.com/sfborg/sf/internal/io/diffio/compare.go:168.16,170.3 1 0
github.com/sfborg/sf/internal/io/diffio/compare.go:172.2,173.16 2 1
github.com/sfborg/sf/internal/io/diffio/compare.go:173.16,175.3 1 0
github.com/sfborg/sf/internal/io/diffio/compare.go:176.2,176.12 1 1
github.com/sfborg/sf/internal/io/diffio/compare.go:179.37,182.16 3 1
github.com/sfborg/sf/internal/io/diffio/compare.go:182.16,184.3 1 0
github.com/sfborg/sf/internal/io/diffio/compare.go:185.2,187.18 3 1
github.com/sfborg/sf/internal/io/diffio/compare.go:187.18,190.17 3 20
github.com/sfborg/sf/internal/io/diffio/compare.go:190.17,192.4 1 0
github.com/sfborg/sf/internal/io/diffio/compare.go:193.3,193.25 1 20
github.com/sfborg/sf/internal/io/diffio/compare.go:195.2,196.16 2 1
github.com/sfborg/sf/internal/io/diffio/compare.go:196.16,198.3 1 0
github.com/sfborg/sf/internal/io/diffio/compare.go:199.2,199.12 1 1
github.com/sfborg/sf/internal/io/diffio/compare.go:202.42,204.16 2 1
github.com/sfborg/sf/internal/io/diffio/compare.go:204.16,206.3 1 0
github.com/sfborg/sf/internal/io/diffio/compare.go:207.2,210.16 3 1
github.com/sfborg/sf/internal/io/diffio/compare.go:210.16,212.3 1 0
github.com/sfborg/sf/internal/io/diffio/compare.go:213.2,216.16 3 1
github.com/sfborg/sf/internal/io/diffio/compare.go:216.16,218.3 1 0
github.com/sfborg/sf/internal/io/diffio/compare.go:220.2,221.16 2 1
github.com/sfborg/sf/internal/io/diffio/compare.go:221.16,223.3 1 0
github.com/sfborg/sf/internal/io/diffio/compare.go:224.2,224.12 1 1
github.com/sfborg/sf/internal/io/diffio/compare.go:227.67,230.16 3 2
github.com/sfborg/sf/internal/io/diffio/compare.go:230.16,232.3 1 0
github.com/sfborg/sf/internal/io/diffio/compare.go:233.2,234.16 2 2
github.com/sfborg/sf/internal/io/diffio/compare.go:234.16,236.3 1 0
github.com/sfborg/sf/internal/io/diffio/compare.go:237.2,237.18 1 2
github.com/sfborg/sf/internal/io/diffio/diffio.go:18.39,21.2 2 1
github.com/sfborg/sf/internal/io/diffio/dbio/dbio.go:13.23,16.2 2 1
github.com/sfborg/sf/internal/io/diffio/dbio/dbio.go:18.33,20.2 1 1
github.com/sfborg/sf/internal/io/diffio/dbio/dbio.go:21.64,29.16 3 16
github.com/sfborg/sf/internal/io/diffio/dbio/dbio.go:29.16,31.3 1 0
github.com/sfborg/sf/internal/io/diffio/dbio/dbio.go:32.2,35.18 3 16
github.com/sfborg/sf/internal/io/diffio/dbio/dbio.go:35.18,40.17 3 20
github.com/sfborg/sf/internal/io/diffio/dbio/dbio.go:40.17,42.4 1 0
github.com/sfborg/sf/internal/io/diffio/dbio/dbio.go:43.3,43.23 1 20
github.com/sfborg/sf/internal/io/diffio/dbio/dbio.go:45.2,45.17 1 16
github.com/sfborg/sf/internal/io/diffio/exactio/exactio.go:18.23,21.2 2 1
github.com/sfborg/sf/internal/io/diffio/exactio/exactio.go:23.44,33.22 5 1
github.com/sfborg/sf/internal/io/diffio/exactio/exactio.go:33.22,35.3 1 20
github.com/sfborg/sf/internal/io/diffio/exactio/exactio.go:36.2,36.18 1 1
github.com/sfborg/sf/internal/io/diffio/exactio/exactio.go:39.39,44.2 4 19
github.com/sfborg/sf/internal/io/diffio/fuzzyio/edit_distance.go:34.54,36.13 2 6
github.com/sfborg/sf/internal/io/diffio/fuzzyio/edit_distance.go:36.13,38.3 1 0
github.com/sfborg/sf/internal/io/diffio/fuzzyio/edit_distance.go:40.2,40.26 1 6
github.com/sfborg/sf/internal/io/diffio/fuzzyio/edit_distance.go:40.26,42.3 1 0
github.com/sfborg/sf/internal/io/diffio/fuzzyio/edit_distance.go:44.2,44.13 1 6
github.com/sfborg/sf/internal/io/diffio/fuzzyio/edit_distance.go:44.13,46.3 1 3
github.com/sfborg/sf/internal/io/diffio/fuzzyio/edit_distance.go:48.2,48.30 1 3
github.com/sfborg/sf/internal/io/diffio/fuzzyio/edit_distance.go:51.43,58.28 4 3
github.com/sfborg/sf/internal/io/diffio/fuzzyio/edit_distance.go:58.28,60.3 1 0
github.com/sfborg/sf/internal/io/diffio/fuzzyio/edit_distance.go:63.2,63.25 1 3
github.com/sfborg/sf/internal/io/diffio/fuzzyio/edit_distance.go:63.25,69.32 2 9
github.com/sfborg/sf/internal/io/diffio/fuzzyio/edit_distance.go:69.32,71.48 2 1
github.com/sfborg/sf/internal/io/diffio/fuzzyio/edit_distance.go:71.48,73.5 1 0
github.com/sfborg/sf/internal/io/diffio/fuzzyio/edit_distance.go:74.4,74.19 1 1
github.com/sfborg/sf/internal/io/diffio/fuzzyio/edit_distance.go:77.2,77.11 1 3
github.com/sfborg/sf/internal/io/diffio/fuzzyio/fuzzyio.go:15.23,19.2 3 1
github.com/sfborg/sf/internal/io/diffio/fuzzyio/fuzzyio.go:21.50,24.22 3 1
github.com/sfborg/sf/internal/io/diffio/fuzzyio/fuzzyio.go:24.22,28.3 3 20
github.com/sfborg/sf/internal/io/diffio/fuzzyio/fuzzyio.go:29.2,31.16 3 1
github.com/sfborg/sf/internal/io/diffio/fuzzyio/fuzzyio.go:31.16,33.3 1 0
github.com/sfborg/sf/internal/io/diffio/fuzzyio/fuzzyio.go:34.2,34.12 1 1
github.com/sfborg/sf/internal/io/diffio/fuzzyio/fuzzyio.go:37.51,39.2 1 8
github.com/sfborg/sf/internal/io/diffio/fuzzyio/fuzzyio.go:40.51,42.2 1 6
github.com/sfborg/sf/internal/io/diffio/fuzzyio/fuzzyio.go:44.59,47.23 3 14
github.com/sfborg/sf/internal/io/diffio/fuzzyio/fuzzyio.go:47.23,49.21 2 5
github.com/sfborg/sf/internal/io/diffio/fuzzyio/fuzzyio.go:49.21,51.4 1 6
github.com/sfborg/sf/internal/io/diffio/fuzzyio/fuzzyio.go:53.2,55.24 3 14
github.com/sfborg/sf/internal/io/diffio/fuzzyio/fuzzyio.go:55.24,58.3 2 5
github.com/sfborg/sf/internal/io/diffio/fuzzyio/fuzzyio.go:59.2,59.12 1 14
github.com/sfborg/sf/internal/io/diffio/matchio/match.go:10.65,12.32 2 19
github.com/sfborg/sf/internal/io/diffio/matchio/match.go:12.32,14.3 1 11
github.com/sfborg/sf/internal/io/diffio/matchio/match.go:16.2,17.32 2 8
github.com/sfborg/sf/internal/io/diffio/matchio/match.go:17.32,19.3 1 5
github.com/sfborg/sf/internal/io/diffio/matchio/match.go:21.2,21.25 1 3
github.com/sfborg/sf/internal/io/diffio/matchio/match.go:21.25,23.3 1 0
github.com/sfborg/sf/internal/io/diffio/matchio/match.go:25.2,25.17 1 3
github.com/sfborg/sf/internal/io/diffio/matchio/match.go:33.73,37.22 4 0
github.com/sfborg/sf/internal/io/diffio/matchio/match.go:37.22,39.33 2 0
github.com/sfborg/sf/internal/io/diffio/matchio/match.go:39.33,40.23 1 0
github.com/sfborg/sf/internal/io/diffio/matchio/match.go:40.23,42.5 1 0
github.com/sfborg/sf/internal/io/diffio/matchio/match.go:43.4,43.19 1 0
github.com/sfborg/sf/internal/io/diffio/matchio/match.go:46.3,46.31 1 0
github.com/sfborg/sf/internal/io/diffio/matchio/match.go:46.31,47.9 1 0
github.com/sfborg/sf/internal/io/diffio/matchio/match.go:50.3,51.33 2 0
github.com/sfborg/sf/internal/io/diffio/matchio/match.go:51.33,52.23 1 0
github.com/sfborg/sf/internal/io/diffio/matchio/match.go:52.23,54.5 1 0
github.com/sfborg/sf/internal/io/diffio/matchio/match.go:55.4,55.19 1 0
github.com/sfborg/sf/internal/io/diffio/matchio/match.go:59.2,59.17 1 0
github.com/sfborg/sf/internal/io/diffio/matchio/match.go:62.48,65.20 3 0
github.com/sfborg/sf/internal/io/diffio/matchio/match.go:66.9,73.4 1 0
github.com/sfborg/sf/internal/io/diffio/matchio/match.go:74.9,91.4 1 0
github.com/sfborg/sf/internal/io/diffio/matchio/match.go:92.9,119.4 1 0
github.com/sfborg/sf/internal/io/diffio/matchio/match.go:120.10,121.13 1 0
github.com/sfborg/sf/internal/io/diffio/matchio/matchio.go:19.25,26.2 2 1
github.com/sfborg/sf/internal/io/diffio/matchio/matchio.go:28.62,33.16 5 1
github.com/sfborg/sf/internal/io/diffio/matchio/matchio.go:33.16,35.3 1 0
github.com/sfborg/sf/internal/io/diffio/matchio/matchio.go:36.2,36.12 1 1
github.com/sfborg/sf/internal/io/diffio/matchio/matchio.go:39.71,42.25 3 19
github.com/sfborg/sf/internal/io/diffio/matchio/matchio.go:42.25,44.3 1 11
github.com/sfborg/sf/internal/io/diffio/matchio/matchio.go:45.2,45.21 1 19
github.com/sfborg/sf/internal/io/diffio/matchio/matchio.go:45.21,47.3 1 14
github.com/sfborg/sf/internal/io/diffio/matchio/matchio.go:48.2,48.17 1 19
github.com/sfborg/sf/internal/io/diffio/matchio/matchio.go:51.71,54.59 3 8
github.com/sfborg/sf/internal/io/diffio/matchio/matchio.go:54.59,56.3 1 2
github.com/sfborg/sf/internal/io/diffio/matchio/matchio.go:57.2,57.59 1 6
github.com/sfborg/sf/internal/io/diffio/matchio/matchio.go:57.59,59.3 1 3
github.com/sfborg/sf/internal/io/diffio/matchio/matchio.go:60.2,60.17 1 3
github.com/sfborg/sf/internal/io/diffio/matchio/matchio.go:67.26,70.22 3 5
github.com/sfborg/sf/internal/io/diffio/matchio/matchio.go:70.22,72.17 2 5
github.com/sfborg/sf/internal/io/diffio/matchio/matchio.go:72.17,74.4 1 0
github.com/sfborg/sf/internal/io/diffio/matchio/matchio.go:76.3,76.24 1 5
github.com/sfborg/sf/internal/io/diffio/matchio/matchio.go:76.24,78.14 2 6
github.com/sfborg/sf/internal/io/diffio/matchio/matchio.go:78.14,79.13 1 0
github.com/sfborg/sf/internal/io/diffio/matchio/matchio.go:82.4,84.31 3 6
github.com/sfborg/sf/internal/io/diffio/matchio/matchio.go:87.2,87.17 1 5
github.com/sfborg/sf/internal/io/sysio/sysio.go:8.52,12.16 4 1
github.com/sfborg/sf/internal/io/sysio/sysio.go:12.16,14.3 1 0
github.com/sfborg/sf/internal/io/sysio/sysio.go:16.2,17.16 2 1
github.com/sfborg/sf/internal/io/sysio/sysio.go:17.16,19.3 1 0
github.com/sfborg/sf/internal/io/sysio/sysio.go:21.2,22.16 2 1
github.com/sfborg/sf/internal/io/sysio/sysio.go:22.16,24.3 1 0
github.com/sfborg/sf/internal/io/sysio/sysio.go:25.2,31.25 2 1
github.com/sfborg/sf/internal/io/sysio/sysio.go:31.25,33.17 2 4
github.com/sfborg/sf/internal/io/sysio/sysio.go:33.17,35.4 1 0
github.com/sfborg/sf/internal/io/sysio/sysio.go:38.2,38.12 1 1
github.com/sfborg/sf/pkg/config/config.go:63.35,64.25 1 0
github.com/sfborg/sf/pkg/config/config.go:64.25,66.3 1 0
github.com/sfborg/sf/pkg/config/config.go:69.42,70.25 1 0
github.com/sfborg/sf/pkg/config/config.go:70.25,72.3 1 0
github.com/sfborg/sf/pkg/config/config.go:75.42,76.25 1 0
github.com/sfborg/sf/pkg/config/config.go:76.25,78.3 1 0
github.com/sfborg/sf/pkg/config/config.go:81.38,82.25 1 0
github.com/sfborg/sf/pkg/config/config.go:82.25,84.3 1 0
github.com/sfborg/sf/pkg/config/config.go:87.40,88.25 1 0
github.com/sfborg/sf/pkg/config/config.go:88.25,90.3 1 0
github.com/sfborg/sf/pkg/config/config.go:93.38,94.25 1 0
github.com/sfborg/sf/pkg/config/config.go:94.25,96.3 1 0
github.com/sfborg/sf/pkg/config/config.go:99.33,102.16 3 1
github.com/sfborg/sf/pkg/config/config.go:102.16,104.3 1 0
github.com/sfborg/sf/pkg/config/config.go:106.2,116.27 4 1
github.com/sfborg/sf/pkg/config/config.go:116.27,118.3 1 0
github.com/sfborg/sf/pkg/config/config.go:120.2,125.12 5 1
github.com/sfborg/sf/internal/io/diffio/dbio/dbio.go:13.23,16.2 2 0
github.com/sfborg/sf/internal/io/diffio/dbio/dbio.go:18.33,20.2 1 0
github.com/sfborg/sf/internal/io/diffio/dbio/dbio.go:21.64,29.16 3 0
github.com/sfborg/sf/internal/io/diffio/dbio/dbio.go:29.16,31.3 1 0
github.com/sfborg/sf/internal/io/diffio/dbio/dbio.go:32.2,35.18 3 0
github.com/sfborg/sf/internal/io/diffio/dbio/dbio.go:35.18,40.17 3 0
github.com/sfborg/sf/internal/io/diffio/dbio/dbio.go:40.17,42.4 1 0
github.com/sfborg/sf/internal/io/diffio/dbio/dbio.go:43.3,43.23 1 0
github.com/sfborg/sf/internal/io/diffio/dbio/dbio.go:45.2,45.17 1 0
github.com/sfborg/sf/internal/io/diffio/exactio/exactio.go:18.23,21.2 2 0
github.com/sfborg/sf/internal/io/diffio/exactio/exactio.go:23.44,33.22 5 0
github.com/sfborg/sf/internal/io/diffio/exactio/exactio.go:33.22,35.3 1 0
github.com/sfborg/sf/internal/io/diffio/exactio/exactio.go:36.2,36.18 1 0
github.com/sfborg/sf/internal/io/diffio/exactio/exactio.go:39.39,44.2 4 0
github.com/sfborg/sf/internal/io/diffio/fuzzyio/edit_distance.go:34.54,36.13 2 0
github.com/sfborg/sf/internal/io/diffio/fuzzyio/edit_distance.go:36.13,38.3 1 0
github.com/sfborg/sf/internal/io/diffio/fuzzyio/edit_distance.go:40.2,40.26 1 0
github.com/sfborg/sf/internal/io/diffio/fuzzyio/edit_distance.go:40.26,42.3 1 0
github.com/sfborg/sf/internal/io/diffio/fuzzyio/edit_distance.go:44.2,44.13 1 0
github.com/sfborg/sf/internal/io/diffio/fuzzyio/edit_distance.go:44.13,46.3 1 0
github.com/sfborg/sf/internal/io/diffio/fuzzyio/edit_distance.go:48.2,48.30 1 0
github.com/sfborg/sf/internal/io/diffio/fuzzyio/edit_distance.go:51.43,58.28 4 0
github.com/sfborg/sf/internal/io/diffio/fuzzyio/edit_distance.go:58.28,60.3 1 0
github.com/sfborg/sf/internal/io/diffio/fuzzyio/edit_distance.go:63.2,63.25 1 0
github.com/sfborg/sf/internal/io/diffio/fuzzyio/edit_distance.go:63.25,69.32 2 0
github.com/sfborg/sf/internal/io/diffio/fuzzyio/edit_distance.go:69.32,71.48 2 0
github.com/sfborg/sf/internal/io/diffio/fuzzyio/edit_distance.go:71.48,73.5 1 0
github.com/sfborg/sf/internal/io/diffio/fuzzyio/edit_distance.go:74.4,74.19 1 0
github.com/sfborg/sf/internal/io/diffio/fuzzyio/edit_distance.go:77.2,77.11 1 0
github.com/sfborg/sf/internal/io/diffio/fuzzyio/fuzzyio.go:15.23,19.2 3 0
github.com/sfborg/sf/internal/io/diffio/fuzzyio/fuzzyio.go:21.50,24.22 3 0
github.com/sfborg/sf/internal/io/diffio/fuzzyio/fuzzyio.go:24.22,28.3 3 0
github.com/sfborg/sf/internal/io/diffio/fuzzyio/fuzzyio.go:29.2,31.16 3 0
github.com/sfborg/sf/internal/io/diffio/fuzzyio/fuzzyio.go:31.16,33.3 1 0
github.com/sfborg/sf/internal/io/diffio/fuzzyio/fuzzyio.go:34.2,34.12 1 0
github.com/sfborg/sf/internal/io/diffio/fuzzyio/fuzzyio.go:37.51,39.2 1 0
github.com/sfborg/sf/internal/io/diffio/fuzzyio/fuzzyio.go:40.51,42.2 1 0
github.com/sfborg/sf/internal/io/diffio/fuzzyio/fuzzyio.go:44.59,47.23 3 0
github.com/sfborg/sf/internal/io/diffio/fuzzyio/fuzzyio.go:47.23,49.21 2 0
github.com/sfborg/sf/internal/io/diffio/fuzzyio/fuzzyio.go:49.21,51.4 1 0
github.com/sfborg/sf/internal/io/diffio/fuzzyio/fuzzyio.go:53.2,55.24 3 0
github.com/sfborg/sf/internal/io/diffio/fuzzyio/fuzzyio.go:55.24,58.3 2 0
github.com/sfborg/sf/internal/io/diffio/fuzzyio/fuzzyio.go:59.2,59.12 1 0
github.com/sfborg/sf/internal/io/diffio/matchio/match.go:10.65,12.32 2 0
github.com/sfborg/sf/internal/io/diffio/matchio/match.go:12.32,14.3 1 0
github.com/sfborg/sf/internal/io/diffio/matchio/match.go:16.2,17.32 2 0
github.com/sfborg/sf/internal/io/diffio/matchio/match.go:17.32,19.3 1 0
github.com/sfborg/sf/internal/io/diffio/matchio/match.go:21.2,21.25 1 0
github.com/sfborg/sf/internal/io/diffio/matchio/match.go:21.25,23.3 1 0
github.com/sfborg/sf/internal/io/diffio/matchio/match.go:25.2,25.17 1 0
github.com/sfborg/sf/internal/io/diffio/matchio/match.go:33.73,37.22 4 0
github.com/sfborg/sf/internal/io/diffio/matchio/match.go:37.22,39.33 2 0
github.com/sfborg/sf/internal/io/diffio/matchio/match.go:39.33,40.23 1 0
github.com/sfborg/sf/internal/io/diffio/matchio/match.go:40.23,42.5 1 0
github.com/sfborg/sf/internal/io/diffio/matchio/match.go:43.4,43.19 1 0
github.com/sfborg/sf/internal/io/diffio/matchio/match.go:46.3,46.31 1 0
github.com/sfborg/sf/internal/io/diffio/matchio/match.go:46.31,47.9 1 0
github.com/sfborg/sf/internal/io/diffio/matchio/match.go:50.3,51.33 2 0
github.com/sfborg/sf/internal/io/diffio/matchio/match.go:51.33,52.23 1 0
github.com/sfborg/sf/internal/io/diffio/matchio/match.go:52.23,54.5 1 0
github.com/sfborg/sf/internal/io/diffio/matchio/match.go:55.4,55.19 1 0
github.com/sfborg/sf/internal/io/diffio/matchio/match.go:59.2,59.17 1 0
github.com/sfborg/sf/internal/io/diffio/matchio/match.go:62.48,65.20 3 0
github.com/sfborg/sf/internal/io/diffio/matchio/match.go:66.9,73.4 1 0
github.com/sfborg/sf/internal/io/diffio/matchio/match.go:74.9,91.4 1 0
github.com/sfborg/sf/internal/io/diffio/matchio/match.go:92.9,119.4 1 0
github.com/sfborg/sf/internal/io/diffio/matchio/match.go:120.10,121.13 1 0
github.com/sfborg/sf/internal/io/diffio/matchio/matchio.go:19.25,26.2 2 0
github.com/sfborg/sf/internal/io/diffio/matchio/matchio.go:28.62,33.16 5 0
github.com/sfborg/sf/internal/io/diffio/matchio/matchio.go:33.16,35.3 1 0
github.com/sfborg/sf/internal/io/diffio/matchio/matchio.go:36.2,36.12 1 0
github.com/sfborg/sf/internal/io/diffio/matchio/matchio.go:39.71,42.25 3 0
github.com/sfborg/sf/internal/io/diffio/matchio/matchio.go:42.25,44.3 1 0
github.com/sfborg/sf/internal/io/diffio/matchio/matchio.go:45.2,45.21 1 0
github.com/sfborg/sf/internal/io/diffio/matchio/matchio.go:45.21,47.3 1 0
github.com/sfborg/sf/internal/io/diffio/matchio/matchio.go:48.2,48.17 1 0
github.com/sfborg/sf/internal/io/diffio/matchio/matchio.go:51.71,54.59 3 0
github.com/sfborg/sf/internal/io/diffio/matchio/matchio.go:54.59,56.3 1 0
github.com/sfborg/sf/internal/io/diffio/matchio/matchio.go:57.2,57.59 1 0
github.com/sfborg/sf/internal/io/diffio/matchio/matchio.go:57.59,59.3 1 0
github.com/sfborg/sf/internal/io/diffio/matchio/matchio.go:60.2,60.17 1 0
github.com/sfborg/sf/internal/io/diffio/matchio/matchio.go:67.26,70.22 3 0
github.com/sfborg/sf/internal/io/diffio/matchio/matchio.go:70.22,72.17 2 0
github.com/sfborg/sf/internal/io/diffio/matchio/matchio.go:72.17,74.4 1 0
github.com/sfborg/sf/internal/io/diffio/matchio/matchio.go:76.3,76.24 1 0
github.com/sfborg/sf/internal/io/diffio/matchio/matchio.go:76.24,78.14 2 0
github.com/sfborg/sf/internal/io/diffio/matchio/matchio.go:78.14,79.13 1 0
github.com/sfborg/sf/internal/io/diffio/matchio/matchio.go:82.4,84.31 3 0
github.com/sfborg/sf/internal/io/diffio/matchio/matchio.go:87.2,87.17 1 0
github.com/sfborg/sf/internal/io/sysio/sysio.go:8.52,12.16 4 0
github.com/sfborg/sf/internal/io/sysio/sysio.go:12.16,14.3 1 0
github.com/sfborg/sf/internal/io/sysio/sysio.go:16.2,17.16 2 0
github.com/sfborg/sf/internal/io/sysio/sysio.go:17.16,19.3 1 0
github.com/sfborg/sf/internal/io/sysio/sysio.go:21.2,22.16 2 0
github.com/sfborg/sf/internal/io/sysio/sysio.go:22.16,24.3 1 0
github.com/sfborg/sf/internal/io/sysio/sysio.go:25.2,31.25 2 0
github.com/sfborg/sf/internal/io/sysio/sysio.go:31.25,33.17 2 0
github.com/sfborg/sf/internal/io/sysio/sysio.go:33.17,35.4 1 0
github.com/sfborg/sf/internal/io/sysio/sysio.go:38.2,38.12 1 0
github.com/sfborg/sf/internal/io/sysio/sysio.go:8.52,12.16 4 4
github.com/sfborg/sf/internal/io/sysio/sysio.go:12.16,14.3 1 0
github.com/sfborg/sf/internal/io/sysio/sysio.go:16.2,17.16 2 4
github.com/sfborg/sf/internal/io/sysio/sysio.go:17.16,19.3 1 0
github.com/sfborg/sf/internal/io/sysio/sysio.go:21.2,22.16 2 4
github.com/sfborg/sf/internal/io/sysio/sysio.go:22.16,24.3 1 0
github.com/sfborg/sf/internal/io/sysio/sysio.go:25.2,31.25 2 4
github.com/sfborg/sf/internal/io/sysio/sysio.go:31.25,33.17 2 16
github.com/sfborg/sf/internal/io/sysio/sysio.go:33.17,35.4 1 0
github.com/sfborg/sf/internal/io/sysio/sysio.go:38.2,38.12 1 4
github.com/sfborg/sf/internal/io/xsv/import.go:14.45,17.36 2 4
github.com/sfborg/sf/internal/io/xsv/import.go:17.36,19.17 2 0
github.com/sfborg/sf/internal/io/xsv/import.go:19.17,21.4 1 0
github.com/sfborg/sf/internal/io/xsv/import.go:22.3,24.17 3 0
github.com/sfborg/sf/internal/io/xsv/import.go:24.17,26.4 1 0
github.com/sfborg/sf/internal/io/xsv/import.go:29.2,30.16 2 4
github.com/sfborg/sf/internal/io/xsv/import.go:30.16,32.3 1 1
github.com/sfborg/sf/internal/io/xsv/import.go:34.2,35.16 2 3
github.com/sfborg/sf/internal/io/xsv/import.go:35.16,37.3 1 0
github.com/sfborg/sf/internal/io/xsv/import.go:39.2,40.16 2 3
github.com/sfborg/sf/internal/io/xsv/import.go:40.16,42.3 1 0
github.com/sfborg/sf/internal/io/xsv/import.go:44.2,46.12 2 3
github.com/sfborg/sf/internal/io/xsv/import.go:49.46,51.16 2 4
github.com/sfborg/sf/internal/io/xsv/import.go:51.16,53.3 1 1
github.com/sfborg/sf/internal/io/xsv/import.go:54.2,59.16 4 3
github.com/sfborg/sf/internal/io/xsv/import.go:59.16,61.3 1 0
github.com/sfborg/sf/internal/io/xsv/import.go:62.2,65.16 3 3
github.com/sfborg/sf/internal/io/xsv/import.go:65.16,67.3 1 0
github.com/sfborg/sf/internal/io/xsv/import.go:69.2,71.12 2 3
github.com/sfborg/sf/internal/io/xsv/import.go:74.48,77.16 3 3
github.com/sfborg/sf/internal/io/xsv/import.go:77.16,79.3 1 0
github.com/sfborg/sf/internal/io/xsv/import.go:80.2,81.16 2 3
github.com/sfborg/sf/internal/io/xsv/import.go:81.16,83.3 1 0
github.com/sfborg/sf/internal/io/xsv/import.go:84.2,84.18 1 3
github.com/sfborg/sf/internal/io/xsv/name_usage.go:16.40,31.16 8 3
github.com/sfborg/sf/internal/io/xsv/name_usage.go:31.16,33.3 1 0
github.com/sfborg/sf/internal/io/xsv/name_usage.go:34.2,42.16 6 3
github.com/sfborg/sf/internal/io/xsv/name_usage.go:42.16,44.3 1 0
github.com/sfborg/sf/internal/io/xsv/name_usage.go:45.2,51.12 5 3
github.com/sfborg/sf/internal/io/xsv/name_usage.go:54.74,55.35 1 743030
github.com/sfborg/sf/internal/io/xsv/name_usage.go:55.35,58.3 2 99810
github.com/sfborg/sf/internal/io/xsv/name_usage.go:59.2,59.11 1 643220
github.com/sfborg/sf/internal/io/xsv/name_usage.go:67.3,71.24 4 3
github.com/sfborg/sf/internal/io/xsv/name_usage.go:71.24,73.27 2 11090
github.com/sfborg/sf/internal/io/xsv/name_usage.go:73.27,75.12 2 0
github.com/sfborg/sf/internal/io/xsv/name_usage.go:76.9,78.4 1 11090
github.com/sfborg/sf/internal/io/xsv/name_usage.go:79.3,153.57 3 11090
github.com/sfborg/sf/internal/io/xsv/name_usage.go:153.57,155.4 1 0
github.com/sfborg/sf/internal/io/xsv/name_usage.go:156.3,157.18 2 11090
github.com/sfborg/sf/internal/io/xsv/name_usage.go:157.18,161.4 3 11090
github.com/sfborg/sf/internal/io/xsv/name_usage.go:163.3,163.14 1 11090
github.com/sfborg/sf/internal/io/xsv/name_usage.go:167.72,170.24 3 3
github.com/sfborg/sf/internal/io/xsv/name_usage.go:170.24,172.3 1 3
github.com/sfborg/sf/internal/io/xsv/xsv.go:15.41,20.2 2 0
github.com/sfborg/sf/pkg/version.go:11.34,13.2 1 0
github.com/sfborg/sf/pkg/config/config.go:63.35,64.25 1 0
github.com/sfborg/sf/pkg/config/config.go:64.25,66.3 1 0
github.com/sfborg/sf/pkg/config/config.go:69.42,70.25 1 0
github.com/sfborg/sf/pkg/config/config.go:70.25,72.3 1 0
github.com/sfborg/sf/pkg/config/config.go:75.42,76.25 1 0
github.com/sfborg/sf/pkg/config/config.go:76.25,78.3 1 0
github.com/sfborg/sf/pkg/config/config.go:81.38,82.25 1 0
github.com/sfborg/sf/pkg/config/config.go:82.25,84.3 1 0
github.com/sfborg/sf/pkg/config/config.go:87.40,88.25 1 0
github.com/sfborg/sf/pkg/config/config.go:88.25,90.3 1 0
github.com/sfborg/sf/pkg/config/config.go:93.38,94.25 1 0
github.com/sfborg/sf/pkg/config/config.go:94.25,96.3 1 0
github.com/sfborg/sf/pkg/config/config.go:99.33,102.16 3 4
github.com/sfborg/sf/pkg/config/config.go:102.16,104.3 1 0
github.com/sfborg/sf/pkg/config/config.go:106.2,116.27 4 4
github.com/sfborg/sf/pkg/config/config.go:116.27,118.3 1 0
github.com/sfborg/sf/pkg/config/config.go:120.2,125.12 5 4
github.com/sfborg/sf/pkg/version.go:11.34,13.2 1 0
github.com/sfborg/sf/pkg/config/config.go:63.35,64.25 1 0
github.com/sfborg/sf/pkg/config/config.go:64.25,66.3 1 0
github.com/sfborg/sf/pkg/config/config.go:69.42,70.25 1 0
github.com/sfborg/sf/pkg/config/config.go:70.25,72.3 1 0
github.com/sfborg/sf/pkg/config/config.go:75.42,76.25 1 0
github.com/sfborg/sf/pkg/config/config.go:76.25,78.3 1 0
github.com/sfborg/sf/pkg/config/config.go:81.38,82.25 1 0
github.com/sfborg/sf/pkg/config/config.go:82.25,84.3 1 0
github.com/sfborg/sf/pkg/config/config.go:87.40,88.25 1 0
github.com/sfborg/sf/pkg/config/config.go:88.25,90.3 1 0
github.com/sfborg/sf/pkg/config/config.go:93.38,94.25 1 0
github.com/sfborg/sf/pkg/config/config.go:94.25,96.3 1 0
github.com/sfborg/sf/pkg/config/config.go:99.33,102.16 3 0
github.com/sfborg/sf/pkg/config/config.go:102.16,104.3 1 0
github.com/sfborg/sf/pkg/config/config.go:106.2,116.27 4 0
github.com/sfborg/sf/pkg/config/config.go:116.27,118.3 1 0
github.com/sfborg/sf/pkg/config/config.go:120.2,125.12 5 0
